\BOOKMARK [0][-]{chapter.1}{\376\377\000Q\000u\000i\000c\000k\000\040\000S\000t\000a\000r\000t}{}% 1
\BOOKMARK [1][-]{section.1.1}{\376\377\000Q\000u\000i\000c\000k\000\040\000I\000n\000s\000t\000a\000l\000l\000a\000t\000i\000o\000n\000\040\000S\000t\000e\000p\000s}{chapter.1}% 2
\BOOKMARK [2][-]{subsection.1.1.1}{\376\377\000I\000n\000s\000t\000a\000l\000l\000\040\000s\000y\000s\000t\000e\000m\000\040\000d\000e\000p\000e\000n\000d\000e\000n\000c\000i\000e\000s}{section.1.1}% 3
\BOOKMARK [2][-]{subsection.1.1.2}{\376\377\000I\000n\000s\000t\000a\000l\000l\000\040\000G\000o}{section.1.1}% 4
\BOOKMARK [2][-]{subsection.1.1.3}{\376\377\000C\000l\000o\000n\000e\000\040\000t\000h\000e\000\040\000S\000i\000n\000g\000u\000l\000a\000r\000i\000t\000y\000\040\000r\000e\000p\000o\000s\000i\000t\000o\000r\000y}{section.1.1}% 5
\BOOKMARK [2][-]{subsection.1.1.4}{\376\377\000I\000n\000s\000t\000a\000l\000l\000\040\000G\000o\000\040\000d\000e\000p\000e\000n\000d\000e\000n\000c\000i\000e\000s}{section.1.1}% 6
\BOOKMARK [2][-]{subsection.1.1.5}{\376\377\000C\000o\000m\000p\000i\000l\000e\000\040\000t\000h\000e\000\040\000S\000i\000n\000g\000u\000l\000a\000r\000i\000t\000y\000\040\000b\000i\000n\000a\000r\000y}{section.1.1}% 7
\BOOKMARK [1][-]{section.1.2}{\376\377\000O\000v\000e\000r\000v\000i\000e\000w\000\040\000o\000f\000\040\000t\000h\000e\000\040\000S\000i\000n\000g\000u\000l\000a\000r\000i\000t\000y\000\040\000I\000n\000t\000e\000r\000f\000a\000c\000e}{chapter.1}% 8
\BOOKMARK [1][-]{section.1.3}{\376\377\000D\000o\000w\000n\000l\000o\000a\000d\000\040\000p\000r\000e\000-\000b\000u\000i\000l\000t\000\040\000i\000m\000a\000g\000e\000s}{chapter.1}% 9
\BOOKMARK [1][-]{section.1.4}{\376\377\000I\000n\000t\000e\000r\000a\000c\000t\000\040\000w\000i\000t\000h\000\040\000i\000m\000a\000g\000e\000s}{chapter.1}% 10
\BOOKMARK [2][-]{subsection.1.4.1}{\376\377\000S\000h\000e\000l\000l}{section.1.4}% 11
\BOOKMARK [2][-]{subsection.1.4.2}{\376\377\000E\000x\000e\000c\000u\000t\000i\000n\000g\000\040\000C\000o\000m\000m\000a\000n\000d\000s}{section.1.4}% 12
\BOOKMARK [2][-]{subsection.1.4.3}{\376\377\000R\000u\000n\000n\000i\000n\000g\000\040\000a\000\040\000c\000o\000n\000t\000a\000i\000n\000e\000r}{section.1.4}% 13
\BOOKMARK [2][-]{subsection.1.4.4}{\376\377\000W\000o\000r\000k\000i\000n\000g\000\040\000w\000i\000t\000h\000\040\000F\000i\000l\000e\000s}{section.1.4}% 14
\BOOKMARK [1][-]{section.1.5}{\376\377\000B\000u\000i\000l\000d\000\040\000i\000m\000a\000g\000e\000s\000\040\000f\000r\000o\000m\000\040\000s\000c\000r\000a\000t\000c\000h}{chapter.1}% 15
\BOOKMARK [2][-]{subsection.1.5.1}{\376\377\000S\000a\000n\000d\000b\000o\000x\000\040\000D\000i\000r\000e\000c\000t\000o\000r\000i\000e\000s}{section.1.5}% 16
\BOOKMARK [2][-]{subsection.1.5.2}{\376\377\000C\000o\000n\000v\000e\000r\000t\000i\000n\000g\000\040\000i\000m\000a\000g\000e\000s\000\040\000f\000r\000o\000m\000\040\000o\000n\000e\000\040\000f\000o\000r\000m\000a\000t\000\040\000t\000o\000\040\000a\000n\000o\000t\000h\000e\000r}{section.1.5}% 17
\BOOKMARK [2][-]{subsection.1.5.3}{\376\377\000S\000i\000n\000g\000u\000l\000a\000r\000i\000t\000y\000\040\000D\000e\000f\000i\000n\000i\000t\000i\000o\000n\000\040\000F\000i\000l\000e\000s}{section.1.5}% 18
\BOOKMARK [0][-]{chapter.2}{\376\377\000I\000n\000s\000t\000a\000l\000l\000a\000t\000i\000o\000n}{}% 19
\BOOKMARK [1][-]{section.2.1}{\376\377\000O\000v\000e\000r\000v\000i\000e\000w}{chapter.2}% 20
\BOOKMARK [1][-]{section.2.2}{\376\377\000I\000n\000s\000t\000a\000l\000l\000\040\000o\000n\000\040\000L\000i\000n\000u\000x}{chapter.2}% 21
\BOOKMARK [2][-]{subsection.2.2.1}{\376\377\000B\000e\000f\000o\000r\000e\000\040\000y\000o\000u\000\040\000b\000e\000g\000i\000n}{section.2.2}% 22
\BOOKMARK [3][-]{subsubsection.2.2.1.1}{\376\377\000I\000n\000s\000t\000a\000l\000l\000\040\000D\000e\000p\000e\000n\000d\000e\000n\000c\000i\000e\000s}{subsection.2.2.1}% 23
\BOOKMARK [3][-]{subsubsection.2.2.1.2}{\376\377\000I\000n\000s\000t\000a\000l\000l\000\040\000G\000o}{subsection.2.2.1}% 24
\BOOKMARK [2][-]{subsection.2.2.2}{\376\377\000I\000n\000s\000t\000a\000l\000l\000\040\000f\000r\000o\000m\000\040\000s\000o\000u\000r\000c\000e}{section.2.2}% 25
\BOOKMARK [3][-]{subsubsection.2.2.2.1}{\376\377\000D\000o\000w\000n\000l\000o\000a\000d\000\040\000S\000i\000n\000g\000u\000l\000a\000r\000i\000t\000y\000\040\000r\000e\000p\000o\000\040\000\050\000a\000n\000d\000\040\000o\000p\000t\000i\000o\000n\000a\000l\000l\000y\000\040\000c\000h\000e\000c\000k\000\040\000o\000u\000t\000\040\000a\000\040\000t\000a\000g\000\040\000o\000r\000\040\000b\000r\000a\000n\000c\000h\000\051}{subsection.2.2.2}% 26
\BOOKMARK [3][-]{subsubsection.2.2.2.2}{\376\377\000C\000o\000m\000p\000i\000l\000e\000\040\000S\000i\000n\000g\000u\000l\000a\000r\000i\000t\000y}{subsection.2.2.2}% 27
\BOOKMARK [3][-]{subsubsection.2.2.2.3}{\376\377\000S\000o\000u\000r\000c\000e\000\040\000b\000a\000s\000h\000\040\000c\000o\000m\000p\000l\000e\000t\000i\000o\000n\000\040\000f\000i\000l\000e}{subsection.2.2.2}% 28
\BOOKMARK [2][-]{subsection.2.2.3}{\376\377\000B\000u\000i\000l\000d\000\040\000a\000n\000d\000\040\000i\000n\000s\000t\000a\000l\000l\000\040\000a\000n\000\040\000R\000P\000M}{section.2.2}% 29
\BOOKMARK [2][-]{subsection.2.2.4}{\376\377\000R\000e\000m\000o\000v\000e\000\040\000a\000n\000\040\000o\000l\000d\000\040\000v\000e\000r\000s\000i\000o\000n}{section.2.2}% 30
\BOOKMARK [2][-]{subsection.2.2.5}{\376\377\000D\000i\000s\000t\000r\000i\000b\000u\000t\000i\000o\000n\000\040\000p\000a\000c\000k\000a\000g\000e\000s\000\040\000o\000f\000\040\000S\000i\000n\000g\000u\000l\000a\000r\000i\000t\000y}{section.2.2}% 31
\BOOKMARK [3][-]{subsubsection.2.2.5.1}{\376\377\000I\000n\000s\000t\000a\000l\000l\000\040\000t\000h\000e\000\040\000D\000e\000b\000i\000a\000n\000/\000U\000b\000u\000n\000t\000u\000\040\000p\000a\000c\000k\000a\000g\000e\000\040\000u\000s\000i\000n\000g\000\040\000a\000p\000t}{subsection.2.2.5}% 32
\BOOKMARK [3][-]{subsubsection.2.2.5.2}{\376\377\000I\000n\000s\000t\000a\000l\000l\000\040\000t\000h\000e\000\040\000C\000e\000n\000t\000O\000S\000/\000R\000H\000E\000L\000\040\000p\000a\000c\000k\000a\000g\000e\000\040\000u\000s\000i\000n\000g\000\040\000y\000u\000m}{subsection.2.2.5}% 33
\BOOKMARK [1][-]{section.2.3}{\376\377\000I\000n\000s\000t\000a\000l\000l\000\040\000o\000n\000\040\000W\000i\000n\000d\000o\000w\000s\000\040\000o\000r\000\040\000M\000a\000c}{chapter.2}% 34
\BOOKMARK [2][-]{subsection.2.3.1}{\376\377\000S\000e\000t\000u\000p}{section.2.3}% 35
\BOOKMARK [3][-]{subsubsection.2.3.1.1}{\376\377\000W\000i\000n\000d\000o\000w\000s}{subsection.2.3.1}% 36
\BOOKMARK [3][-]{subsubsection.2.3.1.2}{\376\377\000M\000a\000c}{subsection.2.3.1}% 37
\BOOKMARK [2][-]{subsection.2.3.2}{\376\377\000S\000i\000n\000g\000u\000l\000a\000r\000i\000t\000y\000\040\000V\000a\000g\000r\000a\000n\000t\000\040\000B\000o\000x}{section.2.3}% 38
\BOOKMARK [1][-]{section.2.4}{\376\377\000S\000i\000n\000g\000u\000l\000a\000r\000i\000t\000y\000\040\000o\000n\000\040\000a\000\040\000s\000h\000a\000r\000e\000d\000\040\000r\000e\000s\000o\000u\000r\000c\000e}{chapter.2}% 39
\BOOKMARK [0][-]{chapter.3}{\376\377\000B\000u\000i\000l\000d\000\040\000a\000\040\000C\000o\000n\000t\000a\000i\000n\000e\000r}{}% 40
\BOOKMARK [1][-]{section.3.1}{\376\377\000O\000v\000e\000r\000v\000i\000e\000w}{chapter.3}% 41
\BOOKMARK [1][-]{section.3.2}{\376\377\000D\000o\000w\000n\000l\000o\000a\000d\000i\000n\000g\000\040\000a\000n\000\040\000e\000x\000i\000s\000t\000i\000n\000g\000\040\000c\000o\000n\000t\000a\000i\000n\000e\000r\000\040\000f\000r\000o\000m\000\040\000t\000h\000e\000\040\000C\000o\000n\000t\000a\000i\000n\000e\000r\000\040\000L\000i\000b\000r\000a\000r\000y}{chapter.3}% 42
\BOOKMARK [1][-]{section.3.3}{\376\377\000D\000o\000w\000n\000l\000o\000a\000d\000i\000n\000g\000\040\000a\000n\000\040\000e\000x\000i\000s\000t\000i\000n\000g\000\040\000c\000o\000n\000t\000a\000i\000n\000e\000r\000\040\000f\000r\000o\000m\000\040\000D\000o\000c\000k\000e\000r\000\040\000H\000u\000b}{chapter.3}% 43
\BOOKMARK [1][-]{section.3.4}{\376\377\000C\000r\000e\000a\000t\000i\000n\000g\000\040\000w\000r\000i\000t\000a\000b\000l\000e\000\040\000-\000-\000s\000a\000n\000d\000b\000o\000x\000\040\000d\000i\000r\000e\000c\000t\000o\000r\000i\000e\000s}{chapter.3}% 44
\BOOKMARK [1][-]{section.3.5}{\376\377\000C\000o\000n\000v\000e\000r\000t\000i\000n\000g\000\040\000c\000o\000n\000t\000a\000i\000n\000e\000r\000s\000\040\000f\000r\000o\000m\000\040\000o\000n\000e\000\040\000f\000o\000r\000m\000a\000t\000\040\000t\000o\000\040\000a\000n\000o\000t\000h\000e\000r}{chapter.3}% 45
\BOOKMARK [1][-]{section.3.6}{\376\377\000B\000u\000i\000l\000d\000i\000n\000g\000\040\000c\000o\000n\000t\000a\000i\000n\000e\000r\000s\000\040\000f\000r\000o\000m\000\040\000S\000i\000n\000g\000u\000l\000a\000r\000i\000t\000y\000\040\000d\000e\000f\000i\000n\000i\000t\000i\000o\000n\000\040\000f\000i\000l\000e\000s}{chapter.3}% 46
\BOOKMARK [1][-]{section.3.7}{\376\377\000B\000u\000i\000l\000d\000\040\000o\000p\000t\000i\000o\000n\000s}{chapter.3}% 47
\BOOKMARK [2][-]{subsection.3.7.1}{\376\377\000-\000-\000b\000u\000i\000l\000d\000e\000r}{section.3.7}% 48
\BOOKMARK [2][-]{subsection.3.7.2}{\376\377\000-\000-\000d\000e\000t\000a\000c\000h\000e\000d}{section.3.7}% 49
\BOOKMARK [2][-]{subsection.3.7.3}{\376\377\000-\000-\000f\000o\000r\000c\000e}{section.3.7}% 50
\BOOKMARK [2][-]{subsection.3.7.4}{\376\377\000-\000-\000j\000s\000o\000n}{section.3.7}% 51
\BOOKMARK [2][-]{subsection.3.7.5}{\376\377\000-\000-\000l\000i\000b\000r\000a\000r\000y}{section.3.7}% 52
\BOOKMARK [2][-]{subsection.3.7.6}{\376\377\000-\000-\000n\000o\000t\000e\000s\000t}{section.3.7}% 53
\BOOKMARK [2][-]{subsection.3.7.7}{\376\377\000-\000-\000r\000e\000m\000o\000t\000e}{section.3.7}% 54
\BOOKMARK [2][-]{subsection.3.7.8}{\376\377\000-\000-\000s\000a\000n\000d\000b\000o\000x}{section.3.7}% 55
\BOOKMARK [2][-]{subsection.3.7.9}{\376\377\000-\000-\000s\000e\000c\000t\000i\000o\000n}{section.3.7}% 56
\BOOKMARK [2][-]{subsection.3.7.10}{\376\377\000-\000-\000u\000p\000d\000a\000t\000e}{section.3.7}% 57
\BOOKMARK [1][-]{section.3.8}{\376\377\000M\000o\000r\000e\000\040\000B\000u\000i\000l\000d\000\040\000t\000o\000p\000i\000c\000s}{chapter.3}% 58
\BOOKMARK [0][-]{chapter.4}{\376\377\000B\000i\000n\000d\000\040\000P\000a\000t\000h\000s\000\040\000a\000n\000d\000\040\000M\000o\000u\000n\000t\000s}{}% 59
\BOOKMARK [1][-]{section.4.1}{\376\377\000O\000v\000e\000r\000v\000i\000e\000w}{chapter.4}% 60
\BOOKMARK [1][-]{section.4.2}{\376\377\000S\000y\000s\000t\000e\000m\000-\000d\000e\000f\000i\000n\000e\000d\000\040\000b\000i\000n\000d\000\040\000p\000a\000t\000h\000s}{chapter.4}% 61
\BOOKMARK [1][-]{section.4.3}{\376\377\000U\000s\000e\000r\000-\000d\000e\000f\000i\000n\000e\000d\000\040\000b\000i\000n\000d\000\040\000p\000a\000t\000h\000s}{chapter.4}% 62
\BOOKMARK [2][-]{subsection.4.3.1}{\376\377\000S\000p\000e\000c\000i\000f\000y\000i\000n\000g\000\040\000b\000i\000n\000d\000\040\000p\000a\000t\000h\000s}{section.4.3}% 63
\BOOKMARK [2][-]{subsection.4.3.2}{\376\377\000A\000\040\000n\000o\000t\000e\000\040\000o\000n\000\040\000u\000s\000i\000n\000g\000\040\000-\000-\000b\000i\000n\000d\000\040\000w\000i\000t\000h\000\040\000t\000h\000e\000\040\000-\000-\000w\000r\000i\000t\000a\000b\000l\000e\000\040\000f\000l\000a\000g}{section.4.3}% 64
\BOOKMARK [0][-]{chapter.5}{\376\377\000P\000e\000r\000s\000i\000s\000t\000e\000n\000t\000\040\000O\000v\000e\000r\000l\000a\000y\000s}{}% 65
\BOOKMARK [1][-]{section.5.1}{\376\377\000O\000v\000e\000r\000v\000i\000e\000w}{chapter.5}% 66
\BOOKMARK [1][-]{section.5.2}{\376\377\000U\000s\000a\000g\000e}{chapter.5}% 67
\BOOKMARK [0][-]{chapter.6}{\376\377\000S\000i\000g\000n\000i\000n\000g\000\040\000a\000n\000d\000\040\000V\000e\000r\000i\000f\000y\000i\000n\000g\000\040\000C\000o\000n\000t\000a\000i\000n\000e\000r\000s}{}% 68
\BOOKMARK [1][-]{section.6.1}{\376\377\000V\000e\000r\000i\000f\000y\000i\000n\000g\000\040\000c\000o\000n\000t\000a\000i\000n\000e\000r\000s\000\040\000f\000r\000o\000m\000\040\000t\000h\000e\000\040\000C\000o\000n\000t\000a\000i\000n\000e\000r\000\040\000L\000i\000b\000r\000a\000r\000y}{chapter.6}% 69
\BOOKMARK [1][-]{section.6.2}{\376\377\000S\000i\000g\000n\000i\000n\000g\000\040\000y\000o\000u\000r\000\040\000o\000w\000n\000\040\000c\000o\000n\000t\000a\000i\000n\000e\000r\000s}{chapter.6}% 70
\BOOKMARK [2][-]{subsection.6.2.1}{\376\377\000G\000e\000n\000e\000r\000a\000t\000i\000n\000g\000\040\000a\000n\000d\000\040\000m\000a\000n\000a\000g\000i\000n\000g\000\040\000P\000G\000P\000\040\000k\000e\000y\000s}{section.6.2}% 71
\BOOKMARK [2][-]{subsection.6.2.2}{\376\377\000S\000i\000g\000n\000i\000n\000g\000\040\000a\000n\000d\000\040\000v\000a\000l\000i\000d\000a\000t\000i\000n\000g\000\040\000y\000o\000u\000r\000\040\000o\000w\000n\000\040\000c\000o\000n\000t\000a\000i\000n\000e\000r\000s}{section.6.2}% 72
\BOOKMARK [0][-]{chapter.7}{\376\377\000S\000e\000c\000u\000r\000i\000t\000y\000\040\000O\000p\000t\000i\000o\000n\000s}{}% 73
\BOOKMARK [1][-]{section.7.1}{\376\377\000L\000i\000n\000u\000x\000\040\000C\000a\000p\000a\000b\000i\000l\000i\000t\000i\000e\000s}{chapter.7}% 74
\BOOKMARK [1][-]{section.7.2}{\376\377\000S\000e\000c\000u\000r\000i\000t\000y\000\040\000r\000e\000l\000a\000t\000e\000d\000\040\000a\000c\000t\000i\000o\000n\000\040\000o\000p\000t\000i\000o\000n\000s}{chapter.7}% 75
\BOOKMARK [2][-]{subsection.7.2.1}{\376\377\000-\000-\000a\000d\000d\000-\000c\000a\000p\000s}{section.7.2}% 76
\BOOKMARK [2][-]{subsection.7.2.2}{\376\377\000-\000-\000a\000l\000l\000o\000w\000-\000s\000e\000t\000u\000i\000d}{section.7.2}% 77
\BOOKMARK [2][-]{subsection.7.2.3}{\376\377\000-\000-\000k\000e\000e\000p\000-\000p\000r\000i\000v\000s}{section.7.2}% 78
\BOOKMARK [2][-]{subsection.7.2.4}{\376\377\000-\000-\000d\000r\000o\000p\000-\000c\000a\000p\000s}{section.7.2}% 79
\BOOKMARK [2][-]{subsection.7.2.5}{\376\377\000-\000-\000s\000e\000c\000u\000r\000i\000t\000y}{section.7.2}% 80
\BOOKMARK [0][-]{chapter.8}{\376\377\000N\000e\000t\000w\000o\000r\000k\000\040\000v\000i\000r\000t\000u\000a\000l\000i\000z\000a\000t\000i\000o\000n}{}% 81
\BOOKMARK [1][-]{section.8.1}{\376\377\000-\000-\000d\000n\000s}{chapter.8}% 82
\BOOKMARK [1][-]{section.8.2}{\376\377\000-\000-\000h\000o\000s\000t\000n\000a\000m\000e}{chapter.8}% 83
\BOOKMARK [1][-]{section.8.3}{\376\377\000-\000-\000n\000e\000t}{chapter.8}% 84
\BOOKMARK [1][-]{section.8.4}{\376\377\000-\000-\000n\000e\000t\000w\000o\000r\000k}{chapter.8}% 85
\BOOKMARK [1][-]{section.8.5}{\376\377\000-\000-\000n\000e\000t\000w\000o\000r\000k\000-\000a\000r\000g\000s}{chapter.8}% 86
\BOOKMARK [0][-]{chapter.9}{\376\377\000L\000i\000m\000i\000t\000i\000n\000g\000\040\000c\000o\000n\000t\000a\000i\000n\000e\000r\000\040\000r\000e\000s\000o\000u\000r\000c\000e\000s\000\040\000w\000i\000t\000h\000\040\000c\000g\000r\000o\000u\000p\000s}{}% 87
\BOOKMARK [1][-]{section.9.1}{\376\377\000O\000v\000e\000r\000v\000i\000e\000w}{chapter.9}% 88
\BOOKMARK [1][-]{section.9.2}{\376\377\000E\000x\000a\000m\000p\000l\000e\000s}{chapter.9}% 89
\BOOKMARK [2][-]{subsection.9.2.1}{\376\377\000L\000i\000m\000i\000t\000i\000n\000g\000\040\000m\000e\000m\000o\000r\000y}{section.9.2}% 90
\BOOKMARK [2][-]{subsection.9.2.2}{\376\377\000L\000i\000m\000i\000t\000i\000n\000g\000\040\000C\000P\000U}{section.9.2}% 91
\BOOKMARK [3][-]{subsubsection.9.2.2.1}{\376\377\000s\000h\000a\000r\000e\000s}{subsection.9.2.2}% 92
\BOOKMARK [3][-]{subsubsection.9.2.2.2}{\376\377\000q\000u\000o\000t\000a\000/\000p\000e\000r\000i\000o\000d}{subsection.9.2.2}% 93
\BOOKMARK [3][-]{subsubsection.9.2.2.3}{\376\377\000c\000p\000u\000s\000/\000m\000e\000m\000s}{subsection.9.2.2}% 94
\BOOKMARK [2][-]{subsection.9.2.3}{\376\377\000L\000i\000m\000i\000t\000i\000n\000g\000\040\000I\000O}{section.9.2}% 95
\BOOKMARK [3][-]{subsubsection.9.2.3.1}{\376\377\000L\000i\000m\000i\000t\000i\000n\000g\000\040\000d\000e\000v\000i\000c\000e\000\040\000a\000c\000c\000e\000s\000s}{subsection.9.2.3}% 96
